<?xml version="1.0" encoding="UTF-8"?>
<coverage generated="1497028583">
  <project timestamp="1497028583">
    <package name="NYPL\Services\Controller">
      <file name="/Users/kevinfriedman/Documents/Sites/bibservice/src/Controller/BibController.php">
        <class name="BibController" namespace="NYPL\Services\Controller">
          <metrics complexity="6" methods="3" coveredmethods="0" conditionals="0" coveredconditionals="0" statements="22" coveredstatements="0" elements="25" coveredelements="0"/>
        </class>
        <line num="59" type="method" name="createBib" visibility="public" complexity="4" crap="20" count="0"/>
        <line num="61" type="stmt" count="0"/>
        <line num="63" type="stmt" count="0"/>
        <line num="64" type="stmt" count="0"/>
        <line num="65" type="stmt" count="0"/>
        <line num="68" type="stmt" count="0"/>
        <line num="69" type="stmt" count="0"/>
        <line num="72" type="stmt" count="0"/>
        <line num="75" type="stmt" count="0"/>
        <line num="77" type="stmt" count="0"/>
        <line num="78" type="stmt" count="0"/>
        <line num="79" type="stmt" count="0"/>
        <line num="80" type="stmt" count="0"/>
        <line num="140" type="method" name="getBibs" visibility="public" complexity="1" crap="2" count="0"/>
        <line num="142" type="stmt" count="0"/>
        <line num="143" type="stmt" count="0"/>
        <line num="144" type="stmt" count="0"/>
        <line num="145" type="stmt" count="0"/>
        <line num="146" type="stmt" count="0"/>
        <line num="194" type="method" name="getBib" visibility="public" complexity="1" crap="2" count="0"/>
        <line num="196" type="stmt" count="0"/>
        <line num="198" type="stmt" count="0"/>
        <line num="199" type="stmt" count="0"/>
        <line num="201" type="stmt" count="0"/>
        <line num="203" type="stmt" count="0"/>
        <metrics loc="206" ncloc="63" classes="1" methods="3" coveredmethods="0" conditionals="0" coveredconditionals="0" statements="22" coveredstatements="0" elements="25" coveredelements="0"/>
      </file>
    </package>
    <package name="NYPL\Services\Model">
      <file name="/Users/kevinfriedman/Documents/Sites/bibservice/src/Model/DataModel.php">
        <class name="DataModel" namespace="NYPL\Services\Model">
          <metrics complexity="0" methods="0" coveredmethods="0" conditionals="0" coveredconditionals="0" statements="0" coveredstatements="0" elements="0" coveredelements="0"/>
        </class>
        <metrics loc="11" ncloc="11" classes="0" methods="0" coveredmethods="0" conditionals="0" coveredconditionals="0" statements="0" coveredstatements="0" elements="0" coveredelements="0"/>
      </file>
    </package>
    <package name="NYPL\Services\Model\DataModel">
      <file name="/Users/kevinfriedman/Documents/Sites/bibservice/src/Model/DataModel/BaseBib.php">
        <class name="BaseBib" namespace="NYPL\Services\Model\DataModel">
          <metrics complexity="53" methods="53" coveredmethods="0" conditionals="0" coveredconditionals="0" statements="74" coveredstatements="0" elements="127" coveredelements="0"/>
        </class>
        <line num="142" type="method" name="getId" visibility="public" complexity="1" crap="2" count="0"/>
        <line num="144" type="stmt" count="0"/>
        <line num="150" type="method" name="setId" visibility="public" complexity="1" crap="2" count="0"/>
        <line num="152" type="stmt" count="0"/>
        <line num="153" type="stmt" count="0"/>
        <line num="158" type="method" name="getNyplSource" visibility="public" complexity="1" crap="2" count="0"/>
        <line num="160" type="stmt" count="0"/>
        <line num="166" type="method" name="setNyplSource" visibility="public" complexity="1" crap="2" count="0"/>
        <line num="168" type="stmt" count="0"/>
        <line num="169" type="stmt" count="0"/>
        <line num="174" type="method" name="getUpdatedDate" visibility="public" complexity="1" crap="2" count="0"/>
        <line num="176" type="stmt" count="0"/>
        <line num="182" type="method" name="setUpdatedDate" visibility="public" complexity="1" crap="2" count="0"/>
        <line num="184" type="stmt" count="0"/>
        <line num="185" type="stmt" count="0"/>
        <line num="192" type="method" name="translateUpdatedDate" visibility="public" complexity="1" crap="2" count="0"/>
        <line num="194" type="stmt" count="0"/>
        <line num="200" type="method" name="getCreatedDate" visibility="public" complexity="1" crap="2" count="0"/>
        <line num="202" type="stmt" count="0"/>
        <line num="208" type="method" name="setCreatedDate" visibility="public" complexity="1" crap="2" count="0"/>
        <line num="210" type="stmt" count="0"/>
        <line num="211" type="stmt" count="0"/>
        <line num="218" type="method" name="translateCreatedDate" visibility="public" complexity="1" crap="2" count="0"/>
        <line num="220" type="stmt" count="0"/>
        <line num="226" type="method" name="isDeleted" visibility="public" complexity="1" crap="2" count="0"/>
        <line num="228" type="stmt" count="0"/>
        <line num="234" type="method" name="setDeleted" visibility="public" complexity="1" crap="2" count="0"/>
        <line num="236" type="stmt" count="0"/>
        <line num="237" type="stmt" count="0"/>
        <line num="242" type="method" name="isSuppressed" visibility="public" complexity="1" crap="2" count="0"/>
        <line num="244" type="stmt" count="0"/>
        <line num="250" type="method" name="setSuppressed" visibility="public" complexity="1" crap="2" count="0"/>
        <line num="252" type="stmt" count="0"/>
        <line num="253" type="stmt" count="0"/>
        <line num="258" type="method" name="getTitle" visibility="public" complexity="1" crap="2" count="0"/>
        <line num="260" type="stmt" count="0"/>
        <line num="266" type="method" name="setTitle" visibility="public" complexity="1" crap="2" count="0"/>
        <line num="268" type="stmt" count="0"/>
        <line num="269" type="stmt" count="0"/>
        <line num="274" type="method" name="getAuthor" visibility="public" complexity="1" crap="2" count="0"/>
        <line num="276" type="stmt" count="0"/>
        <line num="282" type="method" name="setAuthor" visibility="public" complexity="1" crap="2" count="0"/>
        <line num="284" type="stmt" count="0"/>
        <line num="285" type="stmt" count="0"/>
        <line num="290" type="method" name="getMaterialType" visibility="public" complexity="1" crap="2" count="0"/>
        <line num="292" type="stmt" count="0"/>
        <line num="298" type="method" name="setMaterialType" visibility="public" complexity="1" crap="2" count="0"/>
        <line num="300" type="stmt" count="0"/>
        <line num="301" type="stmt" count="0"/>
        <line num="308" type="method" name="translateMaterialType" visibility="public" complexity="1" crap="2" count="0"/>
        <line num="310" type="stmt" count="0"/>
        <line num="316" type="method" name="getBibLevel" visibility="public" complexity="1" crap="2" count="0"/>
        <line num="318" type="stmt" count="0"/>
        <line num="324" type="method" name="setBibLevel" visibility="public" complexity="1" crap="2" count="0"/>
        <line num="326" type="stmt" count="0"/>
        <line num="327" type="stmt" count="0"/>
        <line num="334" type="method" name="translateBibLevel" visibility="public" complexity="1" crap="2" count="0"/>
        <line num="336" type="stmt" count="0"/>
        <line num="342" type="method" name="getPublishYear" visibility="public" complexity="1" crap="2" count="0"/>
        <line num="344" type="stmt" count="0"/>
        <line num="350" type="method" name="setPublishYear" visibility="public" complexity="1" crap="2" count="0"/>
        <line num="352" type="stmt" count="0"/>
        <line num="353" type="stmt" count="0"/>
        <line num="358" type="method" name="getCatalogDate" visibility="public" complexity="1" crap="2" count="0"/>
        <line num="360" type="stmt" count="0"/>
        <line num="366" type="method" name="setCatalogDate" visibility="public" complexity="1" crap="2" count="0"/>
        <line num="368" type="stmt" count="0"/>
        <line num="369" type="stmt" count="0"/>
        <line num="376" type="method" name="translateCatalogDate" visibility="public" complexity="1" crap="2" count="0"/>
        <line num="378" type="stmt" count="0"/>
        <line num="384" type="method" name="getFixedFields" visibility="public" complexity="1" crap="2" count="0"/>
        <line num="386" type="stmt" count="0"/>
        <line num="392" type="method" name="setFixedFields" visibility="public" complexity="1" crap="2" count="0"/>
        <line num="394" type="stmt" count="0"/>
        <line num="395" type="stmt" count="0"/>
        <line num="402" type="method" name="translateFixedFields" visibility="public" complexity="1" crap="2" count="0"/>
        <line num="404" type="stmt" count="0"/>
        <line num="410" type="method" name="getVarFields" visibility="public" complexity="1" crap="2" count="0"/>
        <line num="412" type="stmt" count="0"/>
        <line num="418" type="method" name="setVarFields" visibility="public" complexity="1" crap="2" count="0"/>
        <line num="420" type="stmt" count="0"/>
        <line num="421" type="stmt" count="0"/>
        <line num="428" type="method" name="translateVarFields" visibility="public" complexity="1" crap="2" count="0"/>
        <line num="430" type="stmt" count="0"/>
        <line num="436" type="method" name="getDeletedDate" visibility="public" complexity="1" crap="2" count="0"/>
        <line num="438" type="stmt" count="0"/>
        <line num="444" type="method" name="setDeletedDate" visibility="public" complexity="1" crap="2" count="0"/>
        <line num="446" type="stmt" count="0"/>
        <line num="447" type="stmt" count="0"/>
        <line num="454" type="method" name="translateDeletedDate" visibility="public" complexity="1" crap="2" count="0"/>
        <line num="456" type="stmt" count="0"/>
        <line num="462" type="method" name="getNormTitle" visibility="public" complexity="1" crap="2" count="0"/>
        <line num="464" type="stmt" count="0"/>
        <line num="470" type="method" name="setNormTitle" visibility="public" complexity="1" crap="2" count="0"/>
        <line num="472" type="stmt" count="0"/>
        <line num="473" type="stmt" count="0"/>
        <line num="478" type="method" name="getNormAuthor" visibility="public" complexity="1" crap="2" count="0"/>
        <line num="480" type="stmt" count="0"/>
        <line num="486" type="method" name="setNormAuthor" visibility="public" complexity="1" crap="2" count="0"/>
        <line num="488" type="stmt" count="0"/>
        <line num="489" type="stmt" count="0"/>
        <line num="494" type="method" name="getLocations" visibility="public" complexity="1" crap="2" count="0"/>
        <line num="496" type="stmt" count="0"/>
        <line num="502" type="method" name="setLocations" visibility="public" complexity="1" crap="2" count="0"/>
        <line num="504" type="stmt" count="0"/>
        <line num="505" type="stmt" count="0"/>
        <line num="512" type="method" name="translateLocations" visibility="public" complexity="1" crap="2" count="0"/>
        <line num="514" type="stmt" count="0"/>
        <line num="520" type="method" name="getLang" visibility="public" complexity="1" crap="2" count="0"/>
        <line num="522" type="stmt" count="0"/>
        <line num="528" type="method" name="setLang" visibility="public" complexity="1" crap="2" count="0"/>
        <line num="530" type="stmt" count="0"/>
        <line num="531" type="stmt" count="0"/>
        <line num="538" type="method" name="translateLang" visibility="public" complexity="1" crap="2" count="0"/>
        <line num="540" type="stmt" count="0"/>
        <line num="546" type="method" name="getCountry" visibility="public" complexity="1" crap="2" count="0"/>
        <line num="548" type="stmt" count="0"/>
        <line num="554" type="method" name="setCountry" visibility="public" complexity="1" crap="2" count="0"/>
        <line num="556" type="stmt" count="0"/>
        <line num="557" type="stmt" count="0"/>
        <line num="564" type="method" name="translateCountry" visibility="public" complexity="1" crap="2" count="0"/>
        <line num="566" type="stmt" count="0"/>
        <line num="572" type="method" name="getNyplType" visibility="public" complexity="1" crap="2" count="0"/>
        <line num="574" type="stmt" count="0"/>
        <line num="580" type="method" name="setNyplType" visibility="public" complexity="1" crap="2" count="0"/>
        <line num="582" type="stmt" count="0"/>
        <line num="583" type="stmt" count="0"/>
        <metrics loc="584" ncloc="319" classes="1" methods="53" coveredmethods="0" conditionals="0" coveredconditionals="0" statements="74" coveredstatements="0" elements="127" coveredelements="0"/>
      </file>
      <file name="/Users/kevinfriedman/Documents/Sites/bibservice/src/Model/DataModel/BibLevel.php">
        <class name="BibLevel" namespace="NYPL\Services\Model\DataModel">
          <metrics complexity="4" methods="4" coveredmethods="0" conditionals="0" coveredconditionals="0" statements="6" coveredstatements="0" elements="10" coveredelements="0"/>
        </class>
        <line num="29" type="method" name="getCode" visibility="public" complexity="1" crap="2" count="0"/>
        <line num="31" type="stmt" count="0"/>
        <line num="37" type="method" name="setCode" visibility="public" complexity="1" crap="2" count="0"/>
        <line num="39" type="stmt" count="0"/>
        <line num="40" type="stmt" count="0"/>
        <line num="45" type="method" name="getValue" visibility="public" complexity="1" crap="2" count="0"/>
        <line num="47" type="stmt" count="0"/>
        <line num="53" type="method" name="setValue" visibility="public" complexity="1" crap="2" count="0"/>
        <line num="55" type="stmt" count="0"/>
        <line num="56" type="stmt" count="0"/>
        <metrics loc="57" ncloc="34" classes="1" methods="4" coveredmethods="0" conditionals="0" coveredconditionals="0" statements="6" coveredstatements="0" elements="10" coveredelements="0"/>
      </file>
      <file name="/Users/kevinfriedman/Documents/Sites/bibservice/src/Model/DataModel/Country.php">
        <class name="Country" namespace="NYPL\Services\Model\DataModel">
          <metrics complexity="4" methods="4" coveredmethods="0" conditionals="0" coveredconditionals="0" statements="6" coveredstatements="0" elements="10" coveredelements="0"/>
        </class>
        <line num="29" type="method" name="getCode" visibility="public" complexity="1" crap="2" count="0"/>
        <line num="31" type="stmt" count="0"/>
        <line num="37" type="method" name="setCode" visibility="public" complexity="1" crap="2" count="0"/>
        <line num="39" type="stmt" count="0"/>
        <line num="40" type="stmt" count="0"/>
        <line num="45" type="method" name="getName" visibility="public" complexity="1" crap="2" count="0"/>
        <line num="47" type="stmt" count="0"/>
        <line num="53" type="method" name="setName" visibility="public" complexity="1" crap="2" count="0"/>
        <line num="55" type="stmt" count="0"/>
        <line num="56" type="stmt" count="0"/>
        <metrics loc="57" ncloc="34" classes="1" methods="4" coveredmethods="0" conditionals="0" coveredconditionals="0" statements="6" coveredstatements="0" elements="10" coveredelements="0"/>
      </file>
      <file name="/Users/kevinfriedman/Documents/Sites/bibservice/src/Model/DataModel/FixedField.php">
        <class name="FixedField" namespace="NYPL\Services\Model\DataModel">
          <metrics complexity="6" methods="6" coveredmethods="0" conditionals="0" coveredconditionals="0" statements="9" coveredstatements="0" elements="15" coveredelements="0"/>
        </class>
        <line num="34" type="method" name="getLabel" visibility="public" complexity="1" crap="2" count="0"/>
        <line num="36" type="stmt" count="0"/>
        <line num="42" type="method" name="setLabel" visibility="public" complexity="1" crap="2" count="0"/>
        <line num="44" type="stmt" count="0"/>
        <line num="45" type="stmt" count="0"/>
        <line num="50" type="method" name="getValue" visibility="public" complexity="1" crap="2" count="0"/>
        <line num="52" type="stmt" count="0"/>
        <line num="58" type="method" name="setValue" visibility="public" complexity="1" crap="2" count="0"/>
        <line num="60" type="stmt" count="0"/>
        <line num="61" type="stmt" count="0"/>
        <line num="66" type="method" name="getDisplay" visibility="public" complexity="1" crap="2" count="0"/>
        <line num="68" type="stmt" count="0"/>
        <line num="74" type="method" name="setDisplay" visibility="public" complexity="1" crap="2" count="0"/>
        <line num="76" type="stmt" count="0"/>
        <line num="77" type="stmt" count="0"/>
        <metrics loc="78" ncloc="45" classes="1" methods="6" coveredmethods="0" conditionals="0" coveredconditionals="0" statements="9" coveredstatements="0" elements="15" coveredelements="0"/>
      </file>
      <file name="/Users/kevinfriedman/Documents/Sites/bibservice/src/Model/DataModel/Language.php">
        <class name="Language" namespace="NYPL\Services\Model\DataModel">
          <metrics complexity="4" methods="4" coveredmethods="0" conditionals="0" coveredconditionals="0" statements="6" coveredstatements="0" elements="10" coveredelements="0"/>
        </class>
        <line num="29" type="method" name="getCode" visibility="public" complexity="1" crap="2" count="0"/>
        <line num="31" type="stmt" count="0"/>
        <line num="37" type="method" name="setCode" visibility="public" complexity="1" crap="2" count="0"/>
        <line num="39" type="stmt" count="0"/>
        <line num="40" type="stmt" count="0"/>
        <line num="45" type="method" name="getName" visibility="public" complexity="1" crap="2" count="0"/>
        <line num="47" type="stmt" count="0"/>
        <line num="53" type="method" name="setName" visibility="public" complexity="1" crap="2" count="0"/>
        <line num="55" type="stmt" count="0"/>
        <line num="56" type="stmt" count="0"/>
        <metrics loc="57" ncloc="34" classes="1" methods="4" coveredmethods="0" conditionals="0" coveredconditionals="0" statements="6" coveredstatements="0" elements="10" coveredelements="0"/>
      </file>
      <file name="/Users/kevinfriedman/Documents/Sites/bibservice/src/Model/DataModel/Location.php">
        <class name="Location" namespace="NYPL\Services\Model\DataModel">
          <metrics complexity="4" methods="4" coveredmethods="0" conditionals="0" coveredconditionals="0" statements="6" coveredstatements="0" elements="10" coveredelements="0"/>
        </class>
        <line num="29" type="method" name="getCode" visibility="public" complexity="1" crap="2" count="0"/>
        <line num="31" type="stmt" count="0"/>
        <line num="37" type="method" name="setCode" visibility="public" complexity="1" crap="2" count="0"/>
        <line num="39" type="stmt" count="0"/>
        <line num="40" type="stmt" count="0"/>
        <line num="45" type="method" name="getName" visibility="public" complexity="1" crap="2" count="0"/>
        <line num="47" type="stmt" count="0"/>
        <line num="53" type="method" name="setName" visibility="public" complexity="1" crap="2" count="0"/>
        <line num="55" type="stmt" count="0"/>
        <line num="56" type="stmt" count="0"/>
        <metrics loc="57" ncloc="34" classes="1" methods="4" coveredmethods="0" conditionals="0" coveredconditionals="0" statements="6" coveredstatements="0" elements="10" coveredelements="0"/>
      </file>
      <file name="/Users/kevinfriedman/Documents/Sites/bibservice/src/Model/DataModel/MaterialType.php">
        <class name="MaterialType" namespace="NYPL\Services\Model\DataModel">
          <metrics complexity="4" methods="4" coveredmethods="0" conditionals="0" coveredconditionals="0" statements="6" coveredstatements="0" elements="10" coveredelements="0"/>
        </class>
        <line num="29" type="method" name="getCode" visibility="public" complexity="1" crap="2" count="0"/>
        <line num="31" type="stmt" count="0"/>
        <line num="37" type="method" name="setCode" visibility="public" complexity="1" crap="2" count="0"/>
        <line num="39" type="stmt" count="0"/>
        <line num="40" type="stmt" count="0"/>
        <line num="45" type="method" name="getValue" visibility="public" complexity="1" crap="2" count="0"/>
        <line num="47" type="stmt" count="0"/>
        <line num="53" type="method" name="setValue" visibility="public" complexity="1" crap="2" count="0"/>
        <line num="55" type="stmt" count="0"/>
        <line num="56" type="stmt" count="0"/>
        <metrics loc="57" ncloc="34" classes="1" methods="4" coveredmethods="0" conditionals="0" coveredconditionals="0" statements="6" coveredstatements="0" elements="10" coveredelements="0"/>
      </file>
      <file name="/Users/kevinfriedman/Documents/Sites/bibservice/src/Model/DataModel/SubField.php">
        <class name="SubField" namespace="NYPL\Services\Model\DataModel">
          <metrics complexity="4" methods="4" coveredmethods="0" conditionals="0" coveredconditionals="0" statements="6" coveredstatements="0" elements="10" coveredelements="0"/>
        </class>
        <line num="28" type="method" name="getTag" visibility="public" complexity="1" crap="2" count="0"/>
        <line num="30" type="stmt" count="0"/>
        <line num="36" type="method" name="setTag" visibility="public" complexity="1" crap="2" count="0"/>
        <line num="38" type="stmt" count="0"/>
        <line num="39" type="stmt" count="0"/>
        <line num="44" type="method" name="getContent" visibility="public" complexity="1" crap="2" count="0"/>
        <line num="46" type="stmt" count="0"/>
        <line num="52" type="method" name="setContent" visibility="public" complexity="1" crap="2" count="0"/>
        <line num="54" type="stmt" count="0"/>
        <line num="55" type="stmt" count="0"/>
        <metrics loc="56" ncloc="33" classes="1" methods="4" coveredmethods="0" conditionals="0" coveredconditionals="0" statements="6" coveredstatements="0" elements="10" coveredelements="0"/>
      </file>
      <file name="/Users/kevinfriedman/Documents/Sites/bibservice/src/Model/DataModel/VarField.php">
        <class name="VarField" namespace="NYPL\Services\Model\DataModel">
          <metrics complexity="13" methods="13" coveredmethods="0" conditionals="0" coveredconditionals="0" statements="19" coveredstatements="0" elements="32" coveredelements="0"/>
        </class>
        <line num="53" type="method" name="getFieldTag" visibility="public" complexity="1" crap="2" count="0"/>
        <line num="55" type="stmt" count="0"/>
        <line num="61" type="method" name="setFieldTag" visibility="public" complexity="1" crap="2" count="0"/>
        <line num="63" type="stmt" count="0"/>
        <line num="64" type="stmt" count="0"/>
        <line num="69" type="method" name="getMarcTag" visibility="public" complexity="1" crap="2" count="0"/>
        <line num="71" type="stmt" count="0"/>
        <line num="77" type="method" name="setMarcTag" visibility="public" complexity="1" crap="2" count="0"/>
        <line num="79" type="stmt" count="0"/>
        <line num="80" type="stmt" count="0"/>
        <line num="85" type="method" name="getInd1" visibility="public" complexity="1" crap="2" count="0"/>
        <line num="87" type="stmt" count="0"/>
        <line num="93" type="method" name="setInd1" visibility="public" complexity="1" crap="2" count="0"/>
        <line num="95" type="stmt" count="0"/>
        <line num="96" type="stmt" count="0"/>
        <line num="101" type="method" name="getInd2" visibility="public" complexity="1" crap="2" count="0"/>
        <line num="103" type="stmt" count="0"/>
        <line num="109" type="method" name="setInd2" visibility="public" complexity="1" crap="2" count="0"/>
        <line num="111" type="stmt" count="0"/>
        <line num="112" type="stmt" count="0"/>
        <line num="117" type="method" name="getSubFields" visibility="public" complexity="1" crap="2" count="0"/>
        <line num="119" type="stmt" count="0"/>
        <line num="125" type="method" name="setSubFields" visibility="public" complexity="1" crap="2" count="0"/>
        <line num="127" type="stmt" count="0"/>
        <line num="128" type="stmt" count="0"/>
        <line num="135" type="method" name="translateSubFields" visibility="public" complexity="1" crap="2" count="0"/>
        <line num="137" type="stmt" count="0"/>
        <line num="143" type="method" name="getContent" visibility="public" complexity="1" crap="2" count="0"/>
        <line num="145" type="stmt" count="0"/>
        <line num="151" type="method" name="setContent" visibility="public" complexity="1" crap="2" count="0"/>
        <line num="153" type="stmt" count="0"/>
        <line num="154" type="stmt" count="0"/>
        <metrics loc="155" ncloc="87" classes="1" methods="13" coveredmethods="0" conditionals="0" coveredconditionals="0" statements="19" coveredstatements="0" elements="32" coveredelements="0"/>
      </file>
    </package>
    <package name="NYPL\Services\Model\DataModel\BaseBib">
      <file name="/Users/kevinfriedman/Documents/Sites/bibservice/src/Model/DataModel/BaseBib/Bib.php">
        <class name="Bib" namespace="NYPL\Services\Model\DataModel\BaseBib">
          <metrics complexity="3" methods="3" coveredmethods="0" conditionals="0" coveredconditionals="0" statements="3" coveredstatements="0" elements="6" coveredelements="0"/>
        </class>
        <line num="20" type="method" name="getSchema" visibility="public" complexity="1" crap="2" count="0"/>
        <line num="24" type="stmt" count="0"/>
        <line num="113" type="method" name="getIdFields" visibility="public" complexity="1" crap="2" count="0"/>
        <line num="115" type="stmt" count="0"/>
        <line num="118" type="method" name="getSequenceId" visibility="public" complexity="1" crap="2" count="0"/>
        <line num="120" type="stmt" count="0"/>
        <metrics loc="122" ncloc="119" classes="1" methods="3" coveredmethods="0" conditionals="0" coveredconditionals="0" statements="3" coveredstatements="0" elements="6" coveredelements="0"/>
      </file>
      <file name="/Users/kevinfriedman/Documents/Sites/bibservice/src/Model/DataModel/BaseBib/NewBib.php">
        <class name="NewBib" namespace="NYPL\Services\Model\DataModel\BaseBib">
          <metrics complexity="0" methods="0" coveredmethods="0" conditionals="0" coveredconditionals="0" statements="0" coveredstatements="0" elements="0" coveredelements="0"/>
        </class>
        <metrics loc="9" ncloc="6" classes="0" methods="0" coveredmethods="0" conditionals="0" coveredconditionals="0" statements="0" coveredstatements="0" elements="0" coveredelements="0"/>
      </file>
    </package>
    <package name="NYPL\Services\Model\Response\BulkResponse">
      <file name="/Users/kevinfriedman/Documents/Sites/bibservice/src/Model/Response/BulkResponse/BulkBibsResponse.php">
        <class name="BulkBibsResponse" namespace="NYPL\Services\Model\Response\BulkResponse">
          <metrics complexity="0" methods="0" coveredmethods="0" conditionals="0" coveredconditionals="0" statements="0" coveredstatements="0" elements="0" coveredelements="0"/>
        </class>
        <metrics loc="17" ncloc="10" classes="0" methods="0" coveredmethods="0" conditionals="0" coveredconditionals="0" statements="0" coveredstatements="0" elements="0" coveredelements="0"/>
      </file>
    </package>
    <package name="NYPL\Services\Model\Response\SuccessResponse">
      <file name="/Users/kevinfriedman/Documents/Sites/bibservice/src/Model/Response/SuccessResponse/BibResponse.php">
        <class name="BibResponse" namespace="NYPL\Services\Model\Response\SuccessResponse">
          <metrics complexity="0" methods="0" coveredmethods="0" conditionals="0" coveredconditionals="0" statements="0" coveredstatements="0" elements="0" coveredelements="0"/>
        </class>
        <metrics loc="17" ncloc="10" classes="0" methods="0" coveredmethods="0" conditionals="0" coveredconditionals="0" statements="0" coveredstatements="0" elements="0" coveredelements="0"/>
      </file>
      <file name="/Users/kevinfriedman/Documents/Sites/bibservice/src/Model/Response/SuccessResponse/BibsResponse.php">
        <class name="BibsResponse" namespace="NYPL\Services\Model\Response\SuccessResponse">
          <metrics complexity="0" methods="0" coveredmethods="0" conditionals="0" coveredconditionals="0" statements="0" coveredstatements="0" elements="0" coveredelements="0"/>
        </class>
        <metrics loc="17" ncloc="10" classes="0" methods="0" coveredmethods="0" conditionals="0" coveredconditionals="0" statements="0" coveredstatements="0" elements="0" coveredelements="0"/>
      </file>
    </package>
    <metrics files="16" loc="1557" ncloc="883" classes="11" methods="102" coveredmethods="0" conditionals="0" coveredconditionals="0" statements="163" coveredstatements="0" elements="265" coveredelements="0"/>
  </project>
</coverage>
